# JRE version: OpenJDK Runtime Environment (11.0.12+7) (build 11.0.12+7-b1504.28-7817840)
# Java VM: OpenJDK 64-Bit Server VM (11.0.12+7-b1504.28-7817840, mixed mode, tiered, compressed oops, g1 gc, windows-amd64)
Heap:
 garbage-first heap   total 253952K, used 114240K [0x0000000080000000, 0x0000000100000000)
  region size 1024K, 89 young (91136K), 19 survivors (19456K)
 Metaspace       used 64010K, capacity 65492K, committed 65868K, reserved 1105920K
  class space    used 8146K, capacity 8705K, committed 8832K, reserved 1048576K
GC Heap History (12 events):
Event: 1.675 GC heap before
{Heap before GC invocations=0 (full 0):
 garbage-first heap   total 253952K, used 29696K [0x0000000080000000, 0x0000000100000000)
  region size 1024K, 24 young (24576K), 0 survivors (0K)
 Metaspace       used 9863K, capacity 10114K, committed 10368K, reserved 1058816K
  class space    used 1027K, capacity 1102K, committed 1152K, reserved 1048576K
}
Event: 1.682 GC heap after
{Heap after GC invocations=1 (full 0):
 garbage-first heap   total 253952K, used 9216K [0x0000000080000000, 0x0000000100000000)
  region size 1024K, 3 young (3072K), 3 survivors (3072K)
 Metaspace       used 9863K, capacity 10114K, committed 10368K, reserved 1058816K
  class space    used 1027K, capacity 1102K, committed 1152K, reserved 1048576K
}
Event: 6.430 GC heap before
{Heap before GC invocations=1 (full 0):
 garbage-first heap   total 253952K, used 114688K [0x0000000080000000, 0x0000000100000000)
  region size 1024K, 107 young (109568K), 3 survivors (3072K)
 Metaspace       used 20747K, capacity 21131K, committed 21248K, reserved 1067008K
  class space    used 2548K, capacity 2710K, committed 2816K, reserved 1048576K
}
Event: 6.454 GC heap after
{Heap after GC invocations=2 (full 0):
 garbage-first heap   total 253952K, used 16995K [0x0000000080000000, 0x0000000100000000)
  region size 1024K, 11 young (11264K), 11 survivors (11264K)
 Metaspace       used 20747K, capacity 21131K, committed 21248K, reserved 1067008K
  class space    used 2548K, capacity 2710K, committed 2816K, reserved 1048576K
}
Event: 7.919 GC heap before
{Heap before GC invocations=3 (full 0):
 garbage-first heap   total 253952K, used 67171K [0x0000000080000000, 0x0000000100000000)
  region size 1024K, 60 young (61440K), 11 survivors (11264K)
 Metaspace       used 25889K, capacity 26383K, committed 26624K, reserved 1073152K
  class space    used 3345K, capacity 3551K, committed 3584K, reserved 1048576K
}
Event: 7.934 GC heap after
{Heap after GC invocations=4 (full 0):
 garbage-first heap   total 253952K, used 19139K [0x0000000080000000, 0x0000000100000000)
  region size 1024K, 3 young (3072K), 3 survivors (3072K)
 Metaspace       used 25889K, capacity 26383K, committed 26624K, reserved 1073152K
  class space    used 3345K, capacity 3551K, committed 3584K, reserved 1048576K
}
Event: 10.101 GC heap before
{Heap before GC invocations=4 (full 0):
 garbage-first heap   total 253952K, used 86723K [0x0000000080000000, 0x0000000100000000)
  region size 1024K, 70 young (71680K), 3 survivors (3072K)
 Metaspace       used 34824K, capacity 35702K, committed 35840K, reserved 1081344K
  class space    used 4520K, capacity 4834K, committed 4864K, reserved 1048576K
}
Event: 10.125 GC heap after
{Heap after GC invocations=5 (full 0):
 garbage-first heap   total 253952K, used 22027K [0x0000000080000000, 0x0000000100000000)
  region size 1024K, 6 young (6144K), 6 survivors (6144K)
 Metaspace       used 34824K, capacity 35702K, committed 35840K, reserved 1081344K
  class space    used 4520K, capacity 4834K, committed 4864K, reserved 1048576K
}
Event: 13.127 GC heap before
{Heap before GC invocations=6 (full 0):
 garbage-first heap   total 253952K, used 146955K [0x0000000080000000, 0x0000000100000000)
  region size 1024K, 125 young (128000K), 6 survivors (6144K)
 Metaspace       used 45179K, capacity 46216K, committed 46412K, reserved 1089536K
  class space    used 5811K, capacity 6197K, committed 6272K, reserved 1048576K
}
Event: 13.165 GC heap after
{Heap after GC invocations=7 (full 0):
 garbage-first heap   total 253952K, used 30356K [0x0000000080000000, 0x0000000100000000)
  region size 1024K, 14 young (14336K), 14 survivors (14336K)
 Metaspace       used 45179K, capacity 46216K, committed 46412K, reserved 1089536K
  class space    used 5811K, capacity 6197K, committed 6272K, reserved 1048576K
}
Event: 16.915 GC heap before
{Heap before GC invocations=8 (full 0):
 garbage-first heap   total 253952K, used 170644K [0x0000000080000000, 0x0000000100000000)
  region size 1024K, 148 young (151552K), 14 survivors (14336K)
 Metaspace       used 56544K, capacity 57812K, committed 57932K, reserved 1099776K
  class space    used 7205K, capacity 7712K, committed 7808K, reserved 1048576K
}
Event: 16.955 GC heap after
{Heap after GC invocations=9 (full 0):
 garbage-first heap   total 253952K, used 44608K [0x0000000080000000, 0x0000000100000000)
  region size 1024K, 19 young (19456K), 19 survivors (19456K)
 Metaspace       used 56544K, capacity 57812K, committed 57932K, reserved 1099776K
  class space    used 7205K, capacity 7712K, committed 7808K, reserved 1048576K
}

